[spawn] Natural growth DISABLED — particle count locked
[rng] Initial-condition seed: 42
[qr-corr] Kuramoto × topology correlation dump ENABLED
[passive] Corner threshold: 0.0100
╔══════════════════════════════════════════════════════════════╗
║       BLACKHOLE V20 - Siphon Pump State Machine              ║
║       12↔16 Dimensional Circulation Visualizer               ║
╚══════════════════════════════════════════════════════════════╝

[VRAM] Total: 5982.2 MB, Free: 4155.2 MB, Usable (82%): 3407.2 MB
[VRAM] Grid size: 96³ = 884736 cells (42.5 MB)
[VRAM] Safe particle cap: 20000000 (1320.0 MB for particles, octree disabled)
[VRAM] Octree subsystem DISABLED — no morton/node/leaf buffers allocated
[cuda_lut] Initialized quarter-sector sine LUT (512 entries, 2KB)
[cuda_lut] Initialized Gaussian LUT (128 shells, sigma=12.00)
[cuda_lut] Initialized repulsion LUT (64 shells, lambda=6.00)
[config] Particles: 1000000
[config] Topology: Hopfion shells (discrete)
[config] Mode: HEADLESS (physics + logging only)
[vulkan] Initializing Vulkan renderer...
[V20] Vulkan instance created
[V20] Selected GPU: NVIDIA GeForce RTX 2060
[V20] Logical device created
[V20] Present mode: IMMEDIATE (no vsync)
[V20] Swapchain created: 808x1394 (3 images)
[V20] Render pass created
[V20] Graphics pipeline created
[V20] Volume descriptor set layout created
[V20] Volume pipeline created (mode=3, shader=volume_shells.frag.spv)
[V20] Volume uniform buffers created
[V20] Volume descriptor sets created
[vulkan] Creating CUDA-Vulkan shared buffer for 20000000 particles (capacity for growth)...
[interop] Created shared buffer: 762.939 MB for 20000000 particles, fd=109
[interop] Imported to CUDA: ptr=0x7f7212000000
[vulkan] Initialization complete! Shared buffer at CUDA ptr=0x7f7212000000
[attractor] Initializing density rendering pipeline...
[attractor] Density buffer: 808x1394 R32_UINT
[attractor] Position-primary pipeline created
[attractor] Phase-primary pipeline created (toggle with 'P')
[attractor] Pure attractor pipeline created (toggle with 'P')
[attractor] Graphics pipeline created
[attractor] Pipeline ready (20000000 particles)
[lattice] 1000000 particles initialized in 240×72×240 box (active=1000000)
[kuramoto-init] theta uniform[0,2π), omega_nat ~ N(1.00, 0.05)
[sampling] Generated 128 stratified sample indices
[topo] Ring buffer initialized: 128 frames × 3.0 MB = 384 MB total
[grid] DNA/RNA streaming grid allocated: 116MB
[grid] Grid: 96x96x96 cells (5.21 units/cell)
[mip] Initializing 7-level hierarchy (base=96³): 23.1 MB total
[mip] Hierarchy ready: L0=96³, L6=1³ (coarsest)
[flags+tiles] Hierarchical tiled compaction: 4.2MB
[flags+tiles] Cell flags: 0.8MB | Tile flags: 4.0KB | Tiles: 4096
[passive] d_in_active_region allocated: 20000000 bytes, init=all-in-region
[passive] ActiveRegion bootstrap: 1 all-encompassing region seeded (state=ACTIVE, bounds=±500)
[run] Controls: drag=orbit, scroll=zoom, R=reset, Space=pause, C=color, V=shell brightness
[run] Seam: 1=closed 2=up 3=down 4=full | Bias: [/] or T=turbo
[run] PURE PHYSICS MODE - no template forcing
[flags+tiles] Initialized with hierarchical tiled compaction
[flags+tiles] frame=0 rebuild=1 | Active: 31545 cells in 72 tiles (3.57% of grid)
[grid timing] scatter=0.71ms compact=0.05ms pressure=0.05ms gather=0.86ms total=1.67ms
[frame     0] fps=0 | particles=1000000 avg_scale=1.00 (sample=1.00) | bridge: s=1.00 r=0.000 hb=0.33 | R=0.0004/Rrec=0.0004 [0.024/0.024/0.000]
[phase-hist] -------------------------------- max/avg=1.01
[phase-hist] peaks=0  peak_mass_frac=0.000000  total_hist=1000000
[phase-hist-num] 1.00 0.99 1.00 1.01 1.00 1.00 1.00 1.01 0.98 1.01 1.01 0.99 1.00 1.00 1.00 1.00 1.00 0.99 1.00 1.00 1.00 1.01 1.00 0.99 1.00 1.00 1.01 1.00 0.99 0.99 1.00 1.00 
[hopfion shells] num=0 Q=0.00 | 
[QR-corr] 0 0.000368 0.000368 0 0.000000 0.0000 0 1000000 0.0238 0.0241 0.9970
[frame    90] fps=1322 | particles=1000000 avg_scale=1.00 (sample=1.00) | bridge: s=1.00 r=0.000 hb=-0.19 | R=0.0004/Rrec=0.0003 [0.051/0.050/0.000]
[phase-hist] -------------------------------- max/avg=1.02
[phase-hist] peaks=0  peak_mass_frac=0.000000  total_hist=1000000
[phase-hist-num] 0.99 1.00 1.02 0.99 0.99 1.00 1.00 1.00 1.00 1.00 1.00 1.01 1.01 1.00 1.00 1.01 0.99 1.01 1.00 0.99 1.00 1.01 1.00 1.00 1.00 1.00 0.99 1.01 1.00 1.00 1.00 1.00 
[hopfion shells] num=8 Q=0.00 | r=15.6 n=1.091 | r=28.1 n=1.091 | r=42.3 n=1.091 | r=57.3 n=1.091 | 
[QR-corr] 90 0.000412 0.000341 0 0.000000 0.0000 8 1000000 0.0509 0.0502 0.9890
[lensing] stability=0.0% (target ~10%) | M_eff=36.138 (7 active shells, r<100) | n_avg=1.0910 Δn=0.0000
[coherence] E_kin=0.00e+00 E/N=0.000 | λ=0.100 γ=0.020 (bounded)
[topo] Recording started at frame 100
[frame   180] fps=848 | particles=1000000 avg_scale=1.00 (sample=1.00) | bridge: s=1.00 r=0.000 hb=0.05 | R=0.0004/Rrec=0.0002 [0.031/0.032/0.000]
[phase-hist] -------------------------------- max/avg=1.01
[phase-hist] peaks=0  peak_mass_frac=0.000000  total_hist=1000000
[phase-hist-num] 1.00 1.00 1.00 1.00 1.01 1.00 1.01 0.99 0.99 1.01 1.01 0.98 1.00 1.00 1.00 1.00 1.00 0.99 1.01 1.01 1.00 1.00 1.00 1.00 1.00 1.01 0.99 0.99 1.01 1.00 1.01 0.99 
[hopfion shells] num=8 Q=0.16 | r=15.5 n=1.091 | r=28.0 n=1.091 | r=42.2 n=1.091 | r=57.1 n=1.091 | 
[QR-corr] 180 0.000398 0.000235 0 0.000000 0.1627 8 1000000 0.0307 0.0321 0.9756
[lensing] stability=0.0% (target ~10%) | M_eff=35.982 (7 active shells, r<100) | n_avg=1.0910 Δn=0.0000
[coherence] E_kin=0.00e+00 E/N=0.000 | λ=0.100 γ=0.020 (bounded)
[frame   270] fps=860 | particles=1000000 avg_scale=1.00 (sample=1.00) | bridge: s=1.00 r=0.000 hb=0.09 | R=0.0004/Rrec=0.0001 [0.009/0.016/0.000]
[phase-hist] -------------------------------- max/avg=1.01
[phase-hist] peaks=0  peak_mass_frac=0.000000  total_hist=1000000
[phase-hist-num] 1.00 1.00 0.99 1.00 1.01 1.00 1.01 0.99 1.00 1.00 0.99 1.00 1.00 1.01 1.00 1.00 1.00 1.01 1.00 0.99 1.00 1.00 1.00 1.00 1.00 0.99 1.01 1.00 1.00 1.01 1.00 1.00 
[hopfion shells] num=8 Q=0.44 | r=15.3 n=1.091 | r=27.8 n=1.091 | r=42.1 n=1.091 | r=57.0 n=1.091 | 
[QR-corr] 270 0.000417 0.000134 0 0.000000 0.4405 8 1000000 0.0089 0.0155 0.9603
[lensing] stability=0.0% (target ~10%) | M_eff=35.780 (7 active shells, r<100) | n_avg=1.0910 Δn=0.0000
[coherence] E_kin=0.00e+00 E/N=0.000 | λ=0.100 γ=0.020 (bounded)
[frame   360] fps=873 | particles=1000000 avg_scale=1.00 (sample=1.00) | bridge: s=1.00 r=0.000 hb=-0.23 | R=0.0005/Rrec=0.0000 [0.003/0.010/0.000]
[phase-hist] -------------------------------- max/avg=1.02
[phase-hist] peaks=0  peak_mass_frac=0.000000  total_hist=1000000
[phase-hist-num] 1.00 1.00 1.00 1.00 0.99 1.01 1.01 0.99 1.01 0.99 0.99 1.02 1.00 0.99 1.00 1.00 0.99 1.01 0.99 1.00 1.00 1.01 0.99 1.01 0.99 1.01 0.99 1.00 1.00 0.99 1.01 1.00 
[hopfion shells] num=8 Q=1.54 | r=15.2 n=1.091 | r=27.7 n=1.091 | r=42.0 n=1.091 | r=56.8 n=1.091 | 
[QR-corr] 360 0.000544 0.000040 0 0.000000 1.5390 8 1000000 0.0029 0.0099 0.9450
[lensing] stability=0.0% (target ~10%) | M_eff=35.580 (7 active shells, r<100) | n_avg=1.0910 Δn=0.0000
[lock] LOCKED: 8 shells, Q=1.54, stability=0.0% — skipping mip-tree rebuild
[coherence] E_kin=0.00e+00 E/N=0.000 | λ=0.100 γ=0.020 (bounded)
[frame   450] fps=966 | particles=1000000 avg_scale=1.01 (sample=1.01) | bridge: s=1.01 r=0.000 hb=0.36 | R=0.0004/Rrec=0.0001 [0.004/0.008/0.000]
[phase-hist] -------------------------------- max/avg=1.01
[phase-hist] peaks=0  peak_mass_frac=0.000000  total_hist=1000000
[phase-hist-num] 0.99 1.01 0.99 1.00 0.99 1.00 1.00 1.00 1.00 1.01 1.00 1.00 0.99 1.01 1.01 1.00 1.00 0.99 1.00 1.00 1.00 1.00 1.00 0.99 1.00 1.01 1.00 1.00 1.00 1.00 1.00 1.01 
[hopfion shells] num=8 Q=2.59 | r=15.0 n=1.091 | r=27.6 n=1.091 | r=42.0 n=1.091 | r=56.6 n=1.091 | 
[QR-corr] 450 0.000404 0.000056 0 0.000000 2.5883 8 1000000 0.0042 0.0085 0.9290
[lensing] stability=0.1% (target ~10%) | M_eff=35.381 (7 active shells, r<100) | n_avg=1.0910 Δn=0.0001
[coherence] E_kin=0.00e+00 E/N=0.000 | λ=0.100 γ=0.020 (bounded)
[frame   540] fps=1041 | particles=1000000 avg_scale=1.00 (sample=1.00) | bridge: s=1.00 r=0.000 hb=-0.49 | R=0.0005/Rrec=0.0001 [0.005/0.007/0.000]
[phase-hist] -------------------------------- max/avg=1.01
[phase-hist] peaks=0  peak_mass_frac=0.000000  total_hist=1000000
[phase-hist-num] 1.01 1.00 0.99 1.00 1.00 1.01 1.00 1.00 1.01 1.00 1.00 1.00 0.99 1.00 1.01 1.01 1.00 1.00 1.00 1.00 1.00 1.00 1.01 1.00 0.99 1.00 1.00 1.00 1.01 1.00 0.99 1.00 
[hopfion shells] num=8 Q=4.30 | r=14.8 n=1.091 | r=27.4 n=1.091 | r=41.9 n=1.091 | r=56.5 n=1.091 | 
[QR-corr] 540 0.000525 0.000092 0 0.000000 4.2983 8 1000000 0.0045 0.0073 0.9131
[lensing] stability=0.0% (target ~10%) | M_eff=35.191 (7 active shells, r<100) | n_avg=1.0910 Δn=0.0000
[coherence] E_kin=0.00e+00 E/N=0.000 | λ=0.100 γ=0.020 (bounded)
[frame   630] fps=1054 | particles=1000000 avg_scale=1.01 (sample=1.01) | bridge: s=1.01 r=0.000 hb=0.61 | R=0.0010/Rrec=0.0001 [0.003/0.006/0.000]
[phase-hist] -------------------------------- max/avg=1.01
[phase-hist] peaks=0  peak_mass_frac=0.000000  total_hist=1000000
[phase-hist-num] 1.00 1.00 1.00 1.00 1.00 1.00 1.00 1.01 1.00 1.00 0.99 1.00 0.99 1.01 1.00 1.00 1.00 1.00 1.00 0.99 1.00 1.00 1.01 1.00 1.01 1.01 1.00 1.00 1.00 1.01 1.00 1.00 
[hopfion shells] num=8 Q=11.62 | r=14.7 n=1.091 | r=27.3 n=1.091 | r=41.8 n=1.091 | r=56.3 n=1.091 | 
[QR-corr] 630 0.000979 0.000100 0 0.000000 11.6161 8 1000000 0.0029 0.0062 0.8963
[lensing] stability=0.1% (target ~10%) | M_eff=35.001 (7 active shells, r<100) | n_avg=1.0910 Δn=0.0001
[coherence] E_kin=0.00e+00 E/N=0.000 | λ=0.100 γ=0.020 (bounded)
[frame   720] fps=992 | particles=1000000 avg_scale=1.01 (sample=1.01) | bridge: s=1.01 r=0.000 hb=-0.72 | R=0.0008/Rrec=0.0000 [0.002/0.005/0.000]
[phase-hist] -------------------------------- max/avg=1.01
[phase-hist] peaks=0  peak_mass_frac=0.000000  total_hist=1000000
[phase-hist-num] 1.00 1.01 1.00 1.00 1.00 1.00 1.00 1.01 1.00 1.00 1.00 1.00 1.01 1.00 0.99 1.01 1.00 1.00 0.99 1.01 1.00 1.01 0.99 1.00 1.00 1.00 1.00 0.99 1.00 1.00 1.00 1.01 
[hopfion shells] num=8 Q=4.80 | r=14.5 n=1.091 | r=27.2 n=1.091 | r=41.7 n=1.091 | r=56.2 n=1.091 | 
[QR-corr] 720 0.000839 0.000043 0 0.000000 4.7982 8 1000000 0.0019 0.0054 0.8794
[lensing] stability=0.1% (target ~10%) | M_eff=34.812 (7 active shells, r<100) | n_avg=1.0910 Δn=0.0001
[coherence] E_kin=0.00e+00 E/N=0.000 | λ=0.100 γ=0.020 (bounded)
[frame   810] fps=1040 | particles=1000000 avg_scale=1.00 (sample=1.00) | bridge: s=1.00 r=0.000 hb=0.81 | R=0.0001/Rrec=0.0000 [0.002/0.005/0.000]
[phase-hist] -------------------------------- max/avg=1.01
[phase-hist] peaks=0  peak_mass_frac=0.000000  total_hist=1000000
[phase-hist-num] 1.00 1.00 0.99 1.00 1.00 1.00 1.00 1.00 1.00 1.00 1.00 1.00 1.00 1.00 1.00 1.01 1.00 0.99 1.00 1.00 1.00 1.00 1.00 1.00 1.01 0.99 1.00 1.01 1.00 1.00 0.99 1.01 
[hopfion shells] num=8 Q=-2.91 | r=14.4 n=1.091 | r=27.0 n=1.091 | r=41.6 n=1.091 | r=56.0 n=1.091 | 
[QR-corr] 810 0.000130 0.000011 0 0.000000 -2.9103 8 1000000 0.0017 0.0048 0.8625
[lensing] stability=0.0% (target ~10%) | M_eff=34.627 (7 active shells, r<100) | n_avg=1.0910 Δn=0.0000
[coherence] E_kin=0.00e+00 E/N=0.000 | λ=0.100 γ=0.020 (bounded)
[flags+tiles] frame=870 rebuild=30 | Active: 25564 cells in 75 tiles (2.89% of grid)
[grid timing] scatter=0.41ms compact=0.05ms pressure=0.02ms gather=0.23ms total=0.72ms
[frame   900] fps=1035 | particles=1000000 avg_scale=1.00 (sample=1.00) | bridge: s=1.00 r=0.000 hb=-0.88 | R=0.0009/Rrec=0.0001 [0.002/0.004/0.000]
[phase-hist] -------------------------------- max/avg=1.01
[phase-hist] peaks=0  peak_mass_frac=0.000000  total_hist=1000000
[phase-hist-num] 1.00 0.99 1.00 1.01 1.00 0.99 0.99 1.01 1.00 1.00 1.00 1.00 1.00 1.00 1.00 1.01 1.01 0.99 1.01 1.00 1.00 1.00 1.01 0.99 0.99 0.99 1.00 1.00 1.00 1.00 1.00 1.00 
[hopfion shells] num=8 Q=15.54 | r=14.2 n=1.091 | r=26.9 n=1.091 | r=41.5 n=1.091 | r=55.8 n=1.091 | 
[QR-corr] 900 0.000864 0.000052 0 0.000000 15.5427 8 1000000 0.0016 0.0044 0.8450
[lensing] stability=0.0% (target ~10%) | M_eff=34.450 (7 active shells, r<100) | n_avg=1.0910 Δn=0.0000
[coherence] E_kin=0.00e+00 E/N=0.000 | λ=0.100 γ=0.020 (bounded)
[profile] siphon=0.60ms physics=0.71ms render=6.08ms total=7.39ms
[frame   990] fps=999 | particles=1000000 avg_scale=1.00 (sample=1.00) | bridge: s=1.00 r=0.000 hb=0.94 | R=0.0013/Rrec=0.0001 [0.001/0.004/0.000]
[phase-hist] -------------------------------- max/avg=1.01
[phase-hist] peaks=0  peak_mass_frac=0.000000  total_hist=1000000
[phase-hist-num] 1.00 1.00 1.00 1.00 1.00 1.00 1.00 1.00 0.99 1.00 1.00 1.00 1.00 0.99 1.00 1.01 0.99 1.00 1.00 1.01 1.00 1.00 1.00 1.00 1.01 1.01 1.00 1.01 1.00 1.00 1.01 0.99 
[hopfion shells] num=8 Q=-2.35 | r=14.1 n=1.091 | r=26.8 n=1.091 | r=41.5 n=1.091 | r=55.7 n=1.091 | 
[QR-corr] 990 0.001304 0.000080 0 0.000000 -2.3522 8 1000000 0.0014 0.0041 0.8267
[lensing] stability=0.0% (target ~10%) | M_eff=34.273 (7 active shells, r<100) | n_avg=1.0910 Δn=0.0000
[coherence] E_kin=0.00e+00 E/N=0.000 | λ=0.100 γ=0.020 (bounded)
[photon ring] R=110.01 | ΔR/R=5.25% (EHT target <2%) | [107.67 ... 113.45] | 🔥 TOPOLOGY TEST: Shell swallowing photon ring!

╔════════════════════════════════════════════════════════════════╗
║  CONTROLLED EXPERIMENT COMPLETE (Equal Time)                   ║
╚════════════════════════════════════════════════════════════════╝
[TERMINATION] Target frames reached:
  ✓ Frames = 990 (target: 500)
  ✓ M_eff = 34.273 (compare mass retention)

Final Results:
  Radial Topology: Hopfion shells
  Arm Mode: DISABLED
  Photon Ring R: 110.01
  Ring Stability ΔR/R: 5.25% (EHT target <2%)
  Lensing Stability: 0.0% (target ~10%)
  Active Particles: 0
  Ejected Particles: 0

╔════════════════════════════════════════════════════════════╗
║  AZIMUTHAL EJECTION DISTRIBUTION (m=3 pump hypothesis)    ║
╚════════════════════════════════════════════════════════════╝

  φ (deg)   Count     Distribution
  ════════════════════════════════════════════════════
    0.0°        0    0.0%
   22.5°        0    0.0%
   45.0°        0    0.0%
   67.5°        0    0.0%
   90.0°        0    0.0%
  112.5°        0    0.0%
  135.0°        0    0.0%
  157.5°        0    0.0%
  180.0°        0    0.0%
  202.5°        0    0.0%
  225.0°        0    0.0%
  247.5°        0    0.0%
  270.0°        0    0.0%
  292.5°        0    0.0%
  315.0°        0    0.0%
  337.5°        0    0.0%

  m=3 Mode Analysis:
    Amplitude: 0.000 (0=uniform, 1=perfect 3-fold)
    Phase: 0.0° (orientation of pattern)
    → Weak m=3. Ejections appear isotropic.


[shutdown] Beginning cleanup...
[shutdown] CUDA synchronized
[shutdown] Vulkan device idle
[shutdown] Shared buffer destroyed
[attractor] Pipeline destroyed
[shutdown] Vulkan cleaned up
[shutdown] Window closed, GLFW terminated
[shutdown] CUDA streams destroyed
[shutdown] Main particle data freed
[shutdown] Topology ring buffer freed
[shutdown] Mip-tree hierarchy freed
[shutdown] Auxiliary data freed
[shutdown] Cleanup complete!
