[spawn] Natural growth DISABLED — particle count locked
[rng] Initial-condition seed: 42
[qr-corr] Kuramoto × topology correlation dump ENABLED
[passive] Corner threshold: 1.0000
╔══════════════════════════════════════════════════════════════╗
║       BLACKHOLE V20 - Siphon Pump State Machine              ║
║       12↔16 Dimensional Circulation Visualizer               ║
╚══════════════════════════════════════════════════════════════╝

[VRAM] Total: 5982.2 MB, Free: 4198.1 MB, Usable (82%): 3442.4 MB
[VRAM] Grid size: 96³ = 884736 cells (42.5 MB)
[VRAM] Safe particle cap: 20000000 (1320.0 MB for particles, octree disabled)
[VRAM] Octree subsystem DISABLED — no morton/node/leaf buffers allocated
[cuda_lut] Initialized quarter-sector sine LUT (512 entries, 2KB)
[cuda_lut] Initialized Gaussian LUT (128 shells, sigma=12.00)
[cuda_lut] Initialized repulsion LUT (64 shells, lambda=6.00)
[config] Particles: 1000000
[config] Topology: Hopfion shells (discrete)
[config] Mode: HEADLESS (physics + logging only)
[vulkan] Initializing Vulkan renderer...
[V20] Vulkan instance created
[V20] Selected GPU: NVIDIA GeForce RTX 2060
[V20] Logical device created
[V20] Present mode: IMMEDIATE (no vsync)
[V20] Swapchain created: 808x1394 (3 images)
[V20] Render pass created
[V20] Graphics pipeline created
[V20] Volume descriptor set layout created
[V20] Volume pipeline created (mode=3, shader=volume_shells.frag.spv)
[V20] Volume uniform buffers created
[V20] Volume descriptor sets created
[vulkan] Creating CUDA-Vulkan shared buffer for 20000000 particles (capacity for growth)...
[interop] Created shared buffer: 762.939 MB for 20000000 particles, fd=109
[interop] Imported to CUDA: ptr=0x7f34a2000000
[vulkan] Initialization complete! Shared buffer at CUDA ptr=0x7f34a2000000
[attractor] Initializing density rendering pipeline...
[attractor] Density buffer: 808x1394 R32_UINT
[attractor] Position-primary pipeline created
[attractor] Phase-primary pipeline created (toggle with 'P')
[attractor] Pure attractor pipeline created (toggle with 'P')
[attractor] Graphics pipeline created
[attractor] Pipeline ready (20000000 particles)
[lattice] 1000000 particles initialized in 240×72×240 box (active=1000000)
[kuramoto-init] theta uniform[0,2π), omega_nat ~ N(1.00, 0.05)
[sampling] Generated 128 stratified sample indices
[topo] Ring buffer initialized: 128 frames × 3.0 MB = 384 MB total
[grid] DNA/RNA streaming grid allocated: 116MB
[grid] Grid: 96x96x96 cells (5.21 units/cell)
[mip] Initializing 7-level hierarchy (base=96³): 23.1 MB total
[mip] Hierarchy ready: L0=96³, L6=1³ (coarsest)
[flags+tiles] Hierarchical tiled compaction: 4.2MB
[flags+tiles] Cell flags: 0.8MB | Tile flags: 4.0KB | Tiles: 4096
[passive] d_in_active_region allocated: 20000000 bytes, init=all-in-region
[passive] ActiveRegion bootstrap: 1 all-encompassing region seeded (state=ACTIVE, bounds=±500)
[run] Controls: drag=orbit, scroll=zoom, R=reset, Space=pause, C=color, V=shell brightness
[run] Seam: 1=closed 2=up 3=down 4=full | Bias: [/] or T=turbo
[run] PURE PHYSICS MODE - no template forcing
[flags+tiles] Initialized with hierarchical tiled compaction
[flags+tiles] frame=0 rebuild=1 | Active: 31548 cells in 72 tiles (3.57% of grid)
[grid timing] scatter=0.59ms compact=0.04ms pressure=0.05ms gather=0.64ms total=1.33ms
[frame     0] fps=0 | particles=1000000 avg_scale=1.00 (sample=1.00) | bridge: s=1.00 r=0.000 hb=0.33 | R=0.0004/Rrec=0.0004 [0.024/0.024/0.000]
[phase-hist] -------------------------------- max/avg=1.01
[phase-hist] peaks=0  peak_mass_frac=0.000000  total_hist=1000000
[phase-hist-num] 1.00 0.99 1.00 1.00 1.01 1.00 1.00 1.01 0.99 1.01 1.01 0.99 1.00 1.00 1.01 1.00 1.00 1.00 1.00 1.00 1.00 1.01 1.00 1.00 1.00 1.00 1.01 1.00 0.99 0.99 1.00 1.00 
[hopfion shells] num=0 Q=0.00 | 
[QR-corr] 0 0.000369 0.000371 0 0.000000 0.0000 0 1000000 0.0237 0.0242 0.7154
[frame    90] fps=1404 | particles=1000000 avg_scale=1.00 (sample=1.00) | bridge: s=1.00 r=0.000 hb=-0.19 | R=0.0005/Rrec=0.0003 [0.038/0.042/0.000]
[phase-hist] -------------------------------- max/avg=1.01
[phase-hist] peaks=0  peak_mass_frac=0.000000  total_hist=1000000
[phase-hist-num] 0.99 1.00 1.01 1.00 1.00 1.00 1.00 1.00 1.00 1.00 1.00 1.00 1.00 1.00 1.00 1.00 0.99 0.99 1.00 0.99 1.00 1.01 1.00 1.01 1.01 1.00 1.00 1.00 1.00 1.00 0.99 1.00 
[hopfion shells] num=8 Q=0.00 | r=15.7 n=1.091 | r=28.1 n=1.091 | r=42.3 n=1.091 | r=57.3 n=1.091 | 
[QR-corr] 90 0.000472 0.000287 0 0.000000 0.0000 8 1000000 0.0375 0.0424 0.7068
[lensing] stability=0.0% (target ~10%) | M_eff=36.184 (7 active shells, r<100) | n_avg=1.0910 Δn=0.0000
[coherence] E_kin=0.00e+00 E/N=0.000 | λ=0.100 γ=0.020 (bounded)
[topo] Recording started at frame 100
[frame   180] fps=908 | particles=1000000 avg_scale=1.00 (sample=1.00) | bridge: s=1.00 r=0.000 hb=0.05 | R=0.0003/Rrec=0.0001 [0.021/0.026/0.000]
[phase-hist] -------------------------------- max/avg=1.01
[phase-hist] peaks=0  peak_mass_frac=0.000000  total_hist=1000000
[phase-hist-num] 1.00 1.00 1.00 1.00 1.00 1.00 1.01 0.99 1.00 1.01 1.01 0.99 1.00 1.00 0.99 1.00 1.00 1.00 1.00 1.01 0.99 1.01 1.00 1.00 0.99 1.00 0.99 0.99 1.00 1.00 1.00 1.00 
[hopfion shells] num=8 Q=-11.01 | r=15.7 n=1.091 | r=28.1 n=1.091 | r=42.3 n=1.091 | r=57.2 n=1.091 | 
[QR-corr] 180 0.000320 0.000080 0 0.000000 -11.0077 8 1000000 0.0211 0.0264 0.6916
[lensing] stability=0.0% (target ~10%) | M_eff=36.065 (7 active shells, r<100) | n_avg=1.0910 Δn=0.0000
[coherence] E_kin=0.00e+00 E/N=0.000 | λ=0.100 γ=0.020 (bounded)
[frame   270] fps=837 | particles=1000000 avg_scale=1.00 (sample=1.00) | bridge: s=1.00 r=0.000 hb=0.09 | R=0.0004/Rrec=0.0001 [0.007/0.013/0.000]
[phase-hist] -------------------------------- max/avg=1.01
[phase-hist] peaks=0  peak_mass_frac=0.000000  total_hist=1000000
[phase-hist-num] 1.00 0.99 0.99 1.00 1.01 1.01 1.01 0.99 1.00 1.00 0.99 1.00 1.00 1.00 1.00 1.00 1.00 1.01 1.00 0.99 1.00 1.00 1.00 1.00 1.00 1.01 1.01 1.00 1.00 1.00 0.99 1.00 
[hopfion shells] num=8 Q=-13.17 | r=15.7 n=1.091 | r=28.0 n=1.091 | r=42.3 n=1.091 | r=57.0 n=1.091 | 
[QR-corr] 270 0.000411 0.000126 0 0.000000 -13.1682 8 1000000 0.0070 0.0133 0.6749
[lensing] stability=0.0% (target ~10%) | M_eff=35.931 (7 active shells, r<100) | n_avg=1.0910 Δn=0.0000
[coherence] E_kin=0.00e+00 E/N=0.000 | λ=0.100 γ=0.020 (bounded)
[frame   360] fps=818 | particles=1000000 avg_scale=1.00 (sample=1.00) | bridge: s=1.00 r=0.000 hb=-0.23 | R=0.0004/Rrec=0.0001 [0.003/0.009/0.000]
[phase-hist] -------------------------------- max/avg=1.01
[phase-hist] peaks=0  peak_mass_frac=0.000000  total_hist=1000000
[phase-hist-num] 1.00 1.00 1.00 1.00 0.99 1.01 1.00 1.00 1.01 0.99 0.99 1.01 1.00 1.00 1.00 1.00 1.00 1.00 0.99 1.00 1.00 1.00 1.00 1.00 1.00 1.01 0.99 1.00 1.00 0.99 1.01 1.00 
[hopfion shells] num=8 Q=-5.08 | r=15.7 n=1.091 | r=28.0 n=1.091 | r=42.3 n=1.091 | r=56.9 n=1.091 | 
[QR-corr] 360 0.000442 0.000067 0 0.000000 -5.0837 8 1000000 0.0027 0.0088 0.6579
[lensing] stability=0.0% (target ~10%) | M_eff=35.798 (7 active shells, r<100) | n_avg=1.0910 Δn=0.0000
[lock] LOCKED: 8 shells, Q=-5.08, stability=0.0% — skipping mip-tree rebuild
[coherence] E_kin=0.00e+00 E/N=0.000 | λ=0.100 γ=0.020 (bounded)
[frame   450] fps=932 | particles=1000000 avg_scale=1.00 (sample=1.00) | bridge: s=1.00 r=0.000 hb=0.37 | R=0.0004/Rrec=0.0000 [0.003/0.008/0.000]
[phase-hist] -------------------------------- max/avg=1.01
[phase-hist] peaks=0  peak_mass_frac=0.000000  total_hist=1000000
[phase-hist-num] 0.99 1.01 1.00 1.00 0.99 1.00 1.00 1.01 1.00 1.01 0.99 1.00 0.99 1.00 1.01 1.00 1.00 0.99 1.00 1.00 1.00 1.01 1.01 1.00 1.00 1.00 1.00 1.00 1.00 0.99 1.00 1.00 
[hopfion shells] num=8 Q=-20.12 | r=15.7 n=1.091 | r=28.0 n=1.091 | r=42.3 n=1.091 | r=56.7 n=1.091 | 
[QR-corr] 450 0.000353 0.000024 0 0.000000 -20.1213 8 1000000 0.0034 0.0075 0.6405
[lensing] stability=0.0% (target ~10%) | M_eff=35.668 (7 active shells, r<100) | n_avg=1.0910 Δn=0.0000
[coherence] E_kin=0.00e+00 E/N=0.000 | λ=0.100 γ=0.020 (bounded)
[frame   540] fps=1008 | particles=1000000 avg_scale=1.00 (sample=1.00) | bridge: s=1.00 r=0.000 hb=-0.49 | R=0.0001/Rrec=0.0000 [0.003/0.006/0.000]
[phase-hist] -------------------------------- max/avg=1.01
[phase-hist] peaks=0  peak_mass_frac=0.000000  total_hist=1000000
[phase-hist-num] 1.00 1.00 0.99 1.00 1.00 1.01 1.00 1.00 1.01 1.00 1.00 1.00 1.00 0.99 1.00 1.00 1.00 1.00 1.00 0.99 1.00 1.01 1.00 1.01 0.99 0.99 1.00 1.00 1.00 1.00 1.00 1.00 
[hopfion shells] num=8 Q=9.00 | r=15.7 n=1.091 | r=28.0 n=1.091 | r=42.3 n=1.091 | r=56.6 n=1.091 | 
[QR-corr] 540 0.000096 0.000040 0 0.000000 8.9975 8 1000000 0.0035 0.0064 0.6226
[lensing] stability=0.0% (target ~10%) | M_eff=35.540 (7 active shells, r<100) | n_avg=1.0910 Δn=0.0000
[coherence] E_kin=0.00e+00 E/N=0.000 | λ=0.100 γ=0.020 (bounded)
[frame   630] fps=1033 | particles=1000000 avg_scale=1.00 (sample=1.00) | bridge: s=1.00 r=0.000 hb=0.61 | R=0.0005/Rrec=0.0001 [0.002/0.005/0.000]
[phase-hist] -------------------------------- max/avg=1.01
[phase-hist] peaks=0  peak_mass_frac=0.000000  total_hist=1000000
[phase-hist-num] 0.99 1.00 1.00 1.00 1.00 1.01 1.00 1.01 1.00 1.00 1.00 1.01 0.99 1.01 1.00 1.00 1.00 1.00 1.00 1.00 0.99 1.00 1.00 1.00 1.01 1.01 1.00 1.00 0.99 1.00 1.00 0.99 
[hopfion shells] num=8 Q=-22.85 | r=15.7 n=1.091 | r=28.0 n=1.091 | r=42.3 n=1.091 | r=56.4 n=1.091 | 
[QR-corr] 630 0.000530 0.000069 0 0.000000 -22.8507 8 1000000 0.0024 0.0054 0.6042
[lensing] stability=0.0% (target ~10%) | M_eff=35.412 (7 active shells, r<100) | n_avg=1.0910 Δn=0.0000
[coherence] E_kin=0.00e+00 E/N=0.000 | λ=0.100 γ=0.020 (bounded)
[frame   720] fps=1010 | particles=1000000 avg_scale=1.00 (sample=1.00) | bridge: s=1.00 r=0.000 hb=-0.72 | R=0.0010/Rrec=0.0001 [0.002/0.005/0.000]
[phase-hist] -------------------------------- max/avg=1.01
[phase-hist] peaks=0  peak_mass_frac=0.000000  total_hist=1000000
[phase-hist-num] 1.01 1.00 1.00 1.00 1.00 1.00 1.00 1.00 1.00 0.99 1.00 1.00 0.99 1.00 1.00 1.00 0.99 1.00 1.00 1.01 1.00 1.00 1.00 0.99 1.01 1.01 0.99 1.00 1.01 1.00 1.00 1.00 
[hopfion shells] num=8 Q=-10.85 | r=15.7 n=1.091 | r=27.9 n=1.091 | r=42.2 n=1.091 | r=56.3 n=1.091 | 
[QR-corr] 720 0.000986 0.000095 0 0.000000 -10.8536 8 1000000 0.0017 0.0047 0.5860
[lensing] stability=0.0% (target ~10%) | M_eff=35.284 (7 active shells, r<100) | n_avg=1.0910 Δn=0.0000
[coherence] E_kin=0.00e+00 E/N=0.000 | λ=0.100 γ=0.020 (bounded)
[frame   810] fps=1036 | particles=1000000 avg_scale=1.00 (sample=1.00) | bridge: s=1.00 r=0.000 hb=0.81 | R=0.0009/Rrec=0.0000 [0.001/0.004/0.000]
[phase-hist] -------------------------------- max/avg=1.01
[phase-hist] peaks=0  peak_mass_frac=0.000000  total_hist=1000000
[phase-hist-num] 1.00 1.01 1.00 1.01 1.00 1.00 1.00 1.00 1.01 1.00 1.01 1.00 1.00 1.00 1.00 1.00 1.00 0.99 1.01 1.00 1.00 1.00 1.00 1.00 1.01 0.99 1.00 1.01 1.00 0.99 1.00 1.00 
[hopfion shells] num=8 Q=-10.31 | r=15.7 n=1.091 | r=27.9 n=1.091 | r=42.2 n=1.091 | r=56.1 n=1.091 | 
[QR-corr] 810 0.000878 0.000029 0 0.000000 -10.3094 8 1000000 0.0015 0.0042 0.5690
[lensing] stability=0.0% (target ~10%) | M_eff=35.161 (7 active shells, r<100) | n_avg=1.0910 Δn=0.0000
[coherence] E_kin=0.00e+00 E/N=0.000 | λ=0.100 γ=0.020 (bounded)
[flags+tiles] frame=870 rebuild=30 | Active: 24029 cells in 73 tiles (2.72% of grid)
[grid timing] scatter=0.38ms compact=0.03ms pressure=0.02ms gather=0.19ms total=0.62ms
[frame   900] fps=1044 | particles=1000000 avg_scale=1.00 (sample=1.00) | bridge: s=1.00 r=0.000 hb=-0.88 | R=0.0003/Rrec=0.0000 [0.001/0.004/0.000]
[phase-hist] -------------------------------- max/avg=1.01
[phase-hist] peaks=0  peak_mass_frac=0.000000  total_hist=1000000
[phase-hist-num] 1.00 0.99 1.01 1.00 1.00 0.99 0.99 1.01 1.00 1.00 1.00 0.99 1.01 0.99 1.00 1.01 1.00 1.00 1.01 1.00 1.00 1.00 1.00 1.00 0.99 1.00 1.00 1.00 1.00 1.01 1.00 1.00 
[hopfion shells] num=8 Q=-57.57 | r=15.7 n=1.091 | r=27.9 n=1.091 | r=42.2 n=1.091 | r=56.0 n=1.091 | 
[QR-corr] 900 0.000287 0.000020 0 0.000000 -57.5742 8 1000000 0.0014 0.0039 0.5530
[lensing] stability=0.0% (target ~10%) | M_eff=35.044 (7 active shells, r<100) | n_avg=1.0910 Δn=0.0000
[coherence] E_kin=0.00e+00 E/N=0.000 | λ=0.100 γ=0.020 (bounded)
[profile] siphon=0.63ms physics=0.64ms render=6.10ms total=7.36ms
[frame   990] fps=1027 | particles=1000000 avg_scale=1.00 (sample=1.00) | bridge: s=1.00 r=0.000 hb=0.94 | R=0.0005/Rrec=0.0000 [0.001/0.004/0.000]
[phase-hist] -------------------------------- max/avg=1.01
[phase-hist] peaks=0  peak_mass_frac=0.000000  total_hist=1000000
[phase-hist-num] 1.00 1.00 1.00 1.01 1.00 1.00 1.00 1.00 1.00 0.99 1.01 1.00 1.00 1.00 1.00 1.00 1.00 1.00 1.00 1.00 1.00 1.00 1.00 1.00 1.00 1.00 0.99 1.00 1.00 0.99 1.01 0.99 
[hopfion shells] num=8 Q=30.08 | r=15.7 n=1.091 | r=27.9 n=1.091 | r=42.2 n=1.091 | r=55.8 n=1.091 | 
[QR-corr] 990 0.000511 0.000039 0 0.000000 30.0768 8 1000000 0.0012 0.0036 0.5374
[lensing] stability=0.0% (target ~10%) | M_eff=34.934 (7 active shells, r<100) | n_avg=1.0910 Δn=0.0000
[lock] UNLOCKED: shells=8→8, ΔQ=87.65, stability=0.0%
[coherence] E_kin=0.00e+00 E/N=0.000 | λ=0.100 γ=0.020 (bounded)
[photon ring] R=112.11 | ΔR/R=1.86% (EHT target <2%) | [111.59 ... 113.67] | 🔥 TOPOLOGY TEST: Shell swallowing photon ring!

╔════════════════════════════════════════════════════════════════╗
║  CONTROLLED EXPERIMENT COMPLETE (Equal Time)                   ║
╚════════════════════════════════════════════════════════════════╝
[TERMINATION] Target frames reached:
  ✓ Frames = 990 (target: 500)
  ✓ M_eff = 34.934 (compare mass retention)

Final Results:
  Radial Topology: Hopfion shells
  Arm Mode: DISABLED
  Photon Ring R: 112.11
  Ring Stability ΔR/R: 1.86% (EHT target <2%)
  Lensing Stability: 0.0% (target ~10%)
  Active Particles: 0
  Ejected Particles: 0

╔════════════════════════════════════════════════════════════╗
║  AZIMUTHAL EJECTION DISTRIBUTION (m=3 pump hypothesis)    ║
╚════════════════════════════════════════════════════════════╝

  φ (deg)   Count     Distribution
  ════════════════════════════════════════════════════
    0.0°        0    0.0%
   22.5°        0    0.0%
   45.0°        0    0.0%
   67.5°        0    0.0%
   90.0°        0    0.0%
  112.5°        0    0.0%
  135.0°        0    0.0%
  157.5°        0    0.0%
  180.0°        0    0.0%
  202.5°        0    0.0%
  225.0°        0    0.0%
  247.5°        0    0.0%
  270.0°        0    0.0%
  292.5°        0    0.0%
  315.0°        0    0.0%
  337.5°        0    0.0%

  m=3 Mode Analysis:
    Amplitude: 0.000 (0=uniform, 1=perfect 3-fold)
    Phase: 0.0° (orientation of pattern)
    → Weak m=3. Ejections appear isotropic.


[shutdown] Beginning cleanup...
[shutdown] CUDA synchronized
[shutdown] Vulkan device idle
[shutdown] Shared buffer destroyed
[attractor] Pipeline destroyed
[shutdown] Vulkan cleaned up
[shutdown] Window closed, GLFW terminated
[shutdown] CUDA streams destroyed
[shutdown] Main particle data freed
[shutdown] Topology ring buffer freed
[shutdown] Mip-tree hierarchy freed
[shutdown] Auxiliary data freed
[shutdown] Cleanup complete!
